[debug] [2023-08-16T10:30:07.980Z] ----------------------------------------------------------------------
[debug] [2023-08-16T10:30:07.998Z] Command:       C:\Program Files\nodejs\node.exe C:\Users\Tonnie\AppData\Roaming\npm\node_modules\firebase-tools\lib\bin\firebase.js apps:list ios --json --project=choice-media-98ed0
[debug] [2023-08-16T10:30:08.000Z] CLI Version:   12.4.7
[debug] [2023-08-16T10:30:08.001Z] Platform:      win32
[debug] [2023-08-16T10:30:08.002Z] Node Version:  v20.5.1
[debug] [2023-08-16T10:30:08.003Z] Time:          Wed Aug 16 2023 13:30:08 GMT+0300 (East Africa Time)
[debug] [2023-08-16T10:30:08.003Z] ----------------------------------------------------------------------
[debug] 
[debug] [2023-08-16T10:30:08.366Z] > command requires scopes: ["email","openid","https://www.googleapis.com/auth/cloudplatformprojects.readonly","https://www.googleapis.com/auth/firebase","https://www.googleapis.com/auth/cloud-platform"]
[debug] [2023-08-16T10:30:08.368Z] > authorizing via signed-in user (kisomose1@gmail.com)
[debug] [2023-08-16T10:30:08.391Z] >>> [apiv2][query] GET https://firebase.googleapis.com/v1beta1/projects/choice-media-98ed0/iosApps pageSize=100
[debug] [2023-08-16T10:30:12.495Z] <<< [apiv2][status] GET https://firebase.googleapis.com/v1beta1/projects/choice-media-98ed0/iosApps 200
[debug] [2023-08-16T10:30:12.496Z] <<< [apiv2][body] GET https://firebase.googleapis.com/v1beta1/projects/choice-media-98ed0/iosApps {"apps":[{"name":"projects/choice-media-98ed0/iosApps/1:848175268002:ios:acec5871d4d43e2ac797fb","appId":"1:848175268002:ios:acec5871d4d43e2ac797fb","displayName":"choice (ios)","projectId":"choice-media-98ed0","bundleId":"com.example.choice","apiKeyId":"2f21d1ac-bab6-41bb-9007-564c92ae28c4","state":"ACTIVE","expireTime":"1970-01-01T00:00:00Z","etag":"1_203df640-857d-416e-bf15-825f0174778f"}]}
[info] ┌──────────────────┬───────────────────────────────────────────┬──────────┐
│ App Display Name │ App ID                                    │ Platform │
├──────────────────┼───────────────────────────────────────────┼──────────┤
│ choice (ios)     │ 1:848175268002:ios:acec5871d4d43e2ac797fb │ IOS      │
└──────────────────┴───────────────────────────────────────────┴──────────┘
[info] 
[info] 1 app(s) total.
[debug] [2023-08-16T10:30:22.555Z] Error: Timed out.
    at Timeout._onTimeout (C:\Users\Tonnie\AppData\Roaming\npm\node_modules\firebase-tools\lib\utils.js:254:49)
    at listOnTimeout (node:internal/timers:573:17)
    at process.processTimers (node:internal/timers:514:7)
[error] 
[error] Error: An unexpected error has occurred.
